12:24:54.107 [main] DEBUG org.apache.poi.openxml4j.opc.ZipPackage - Save package relationships
12:24:54.124 [main] DEBUG org.apache.poi.openxml4j.opc.ZipPackage - Save part 'docProps/app.xml'
12:24:54.125 [main] DEBUG org.apache.poi.openxml4j.opc.ZipPackage - Save part 'docProps/core.xml'
12:24:54.127 [main] DEBUG org.apache.poi.openxml4j.opc.ZipPackage - Save part 'xl/sharedStrings.xml'
12:24:54.128 [main] DEBUG org.apache.poi.openxml4j.opc.ZipPackage - Save part 'xl/styles.xml'
12:24:54.129 [main] DEBUG org.apache.poi.openxml4j.opc.ZipPackage - Save part 'xl/theme/theme1.xml'
12:24:54.130 [main] DEBUG org.apache.poi.openxml4j.opc.ZipPackage - Save part 'xl/workbook.xml'
12:24:54.135 [main] DEBUG org.apache.poi.openxml4j.opc.ZipPackage - Save part 'xl/worksheets/sheet1.xml'
12:24:54.145 [main] DEBUG org.apache.poi.openxml4j.opc.PackageRelationshipCollection - Parsing relationship: /xl/_rels/workbook.xml.rels
12:24:54.147 [main] DEBUG org.apache.poi.openxml4j.opc.PackageRelationshipCollection - Parsing relationship: /_rels/.rels
12:24:54.174 [main] DEBUG org.apache.poi.openxml4j.opc.ZipPackage - Save content types part
12:24:54.176 [main] DEBUG org.apache.poi.openxml4j.opc.ZipPackage - Save package relationships
12:24:54.178 [main] DEBUG org.apache.poi.openxml4j.opc.ZipPackage - Save part 'docProps/app.xml'
12:24:54.178 [main] DEBUG org.apache.poi.openxml4j.opc.ZipPackage - Save part 'docProps/core.xml'
12:24:54.180 [main] DEBUG org.apache.poi.openxml4j.opc.ZipPackage - Save part 'xl/sharedStrings.xml'
12:24:54.181 [main] DEBUG org.apache.poi.openxml4j.opc.ZipPackage - Save part 'xl/styles.xml'
12:24:54.181 [main] DEBUG org.apache.poi.openxml4j.opc.ZipPackage - Save part 'xl/theme/theme1.xml'
12:24:54.182 [main] DEBUG org.apache.poi.openxml4j.opc.ZipPackage - Save part 'xl/workbook.xml'
12:24:54.184 [main] DEBUG org.apache.poi.openxml4j.opc.ZipPackage - Save part 'xl/worksheets/sheet1.xml'
12:24:54.195 [main] DEBUG org.apache.poi.openxml4j.opc.PackageRelationshipCollection - Parsing relationship: /xl/_rels/workbook.xml.rels
12:24:54.197 [main] DEBUG org.apache.poi.openxml4j.opc.PackageRelationshipCollection - Parsing relationship: /_rels/.rels
12:24:54.232 [main] DEBUG org.apache.poi.openxml4j.opc.ZipPackage - Save content types part
12:24:54.237 [main] DEBUG org.apache.poi.openxml4j.opc.ZipPackage - Save package relationships
12:24:54.241 [main] DEBUG org.apache.poi.openxml4j.opc.ZipPackage - Save part 'docProps/app.xml'
12:24:54.241 [main] DEBUG org.apache.poi.openxml4j.opc.ZipPackage - Save part 'docProps/core.xml'
12:24:54.252 [main] DEBUG org.apache.poi.openxml4j.opc.ZipPackage - Save part 'xl/sharedStrings.xml'
12:24:54.253 [main] DEBUG org.apache.poi.openxml4j.opc.ZipPackage - Save part 'xl/styles.xml'
12:24:54.254 [main] DEBUG org.apache.poi.openxml4j.opc.ZipPackage - Save part 'xl/theme/theme1.xml'
12:24:54.255 [main] DEBUG org.apache.poi.openxml4j.opc.ZipPackage - Save part 'xl/workbook.xml'
12:24:54.258 [main] DEBUG org.apache.poi.openxml4j.opc.ZipPackage - Save part 'xl/worksheets/sheet1.xml'
12:24:54.261 [main] INFO  testCase.TC_001_CourseTest - ***** Language Details Verified *****
12:24:54.703 [main] INFO  testCase.TC_001_CourseTest - ***** Scrolling Down *****
12:24:55.082 [main] INFO  testCase.TC_001_CourseTest - ***** Level Is Verified *****
12:24:55.324 [main] INFO  testCase.TC_001_CourseTest - ***** Printing Levels *****
12:24:55.325 [main] INFO  testCase.TC_001_CourseTest - ***** Writing Levels *****
12:24:55.336 [main] DEBUG org.apache.poi.openxml4j.opc.PackageRelationshipCollection - Parsing relationship: /xl/_rels/workbook.xml.rels
12:24:55.338 [main] DEBUG org.apache.poi.openxml4j.opc.PackageRelationshipCollection - Parsing relationship: /_rels/.rels
12:24:55.378 [main] DEBUG org.apache.poi.openxml4j.opc.ZipPackage - Save content types part
12:24:55.383 [main] DEBUG org.apache.poi.openxml4j.opc.ZipPackage - Save package relationships
12:24:55.386 [main] DEBUG org.apache.poi.openxml4j.opc.ZipPackage - Save part 'docProps/app.xml'
12:24:55.387 [main] DEBUG org.apache.poi.openxml4j.opc.ZipPackage - Save part 'docProps/core.xml'
12:24:55.392 [main] DEBUG org.apache.poi.openxml4j.opc.ZipPackage - Save part 'xl/sharedStrings.xml'
12:24:55.393 [main] DEBUG org.apache.poi.openxml4j.opc.ZipPackage - Save part 'xl/styles.xml'
12:24:55.394 [main] DEBUG org.apache.poi.openxml4j.opc.ZipPackage - Save part 'xl/theme/theme1.xml'
12:24:55.396 [main] DEBUG org.apache.poi.openxml4j.opc.ZipPackage - Save part 'xl/workbook.xml'
12:24:55.402 [main] DEBUG org.apache.poi.openxml4j.opc.ZipPackage - Save part 'xl/worksheets/sheet1.xml'
12:24:55.418 [main] DEBUG org.apache.poi.openxml4j.opc.PackageRelationshipCollection - Parsing relationship: /xl/_rels/workbook.xml.rels
12:24:55.419 [main] DEBUG org.apache.poi.openxml4j.opc.PackageRelationshipCollection - Parsing relationship: /_rels/.rels
12:24:55.460 [main] DEBUG org.apache.poi.openxml4j.opc.ZipPackage - Save content types part
